<?xml version="1.0" encoding="UTF-8"?>
<testsuite xmlns:xsi="http://www.w3.org/2001/XMLSchema-instance" xsi:noNamespaceSchemaLocation="https://maven.apache.org/surefire/maven-surefire-plugin/xsd/surefire-test-report-3.0.xsd" version="3.0" name="com.bbva.pfmh.lib.r010.impl.PFMHR010ImplTest" time="0.018" tests="4" errors="0" skipped="0" failures="0">
  <properties>
[...]
</properties>
  <testcase name="testExecuteGetFFMMStatements_ReturnsEmptyListWhenResponseIsNullOrEmpty" classname="com.bbva.pfmh.lib.r010.impl.PFMHR010ImplTest" time="0.0"/>
  <testcase name="testExecuteGetFFMMStatements_ReturnsEmptyListWhenContractNotFound" classname="com.bbva.pfmh.lib.r010.impl.PFMHR010ImplTest" time="0.015">
    <system-out><![CDATA[23:46:58.254 [main] ERROR com.bbva.pfmh.lib.r010.impl.cics.FMC7Connection - No se ha podido obtener el contrato de KSAN
]]></system-out>
  </testcase>
  <testcase name="testExecuteGetFFMMStatements_ReturnsData" classname="com.bbva.pfmh.lib.r010.impl.PFMHR010ImplTest" time="0.0"/>
  <testcase name="testExecuteGetFFMMStatements_ReturnsDataWhenContractFoundAndVisible" classname="com.bbva.pfmh.lib.r010.impl.PFMHR010ImplTest" time="0.0"/>
</testsuite>